<?xml version="1.0" encoding="UTF-8" ?>
<testsuite tests="24" failures="0" name="com.example.LionTest" time="0.1" errors="0" skipped="0">
  <properties>
[...]
</properties>
  <testcase classname="com.example.LionTest" name="getFoodTest[0]" time="0.029"/>
  <testcase classname="com.example.LionTest" name="doesHaveManeTest[0]" time="0.002"/>
  <testcase classname="com.example.LionTest" name="getKittensTest[0]" time="0.003"/>
  <testcase classname="com.example.LionTest" name="getFoodTest[1]" time="0.004"/>
  <testcase classname="com.example.LionTest" name="doesHaveManeTest[1]" time="0.001"/>
  <testcase classname="com.example.LionTest" name="getKittensTest[1]" time="0.004"/>
  <testcase classname="com.example.LionTest" name="getFoodTest[2]" time="0.004"/>
  <testcase classname="com.example.LionTest" name="doesHaveManeTest[2]" time="0.001"/>
  <testcase classname="com.example.LionTest" name="getKittensTest[2]" time="0.002"/>
  <testcase classname="com.example.LionTest" name="getFoodTest[3]" time="0.006"/>
  <testcase classname="com.example.LionTest" name="doesHaveManeTest[3]" time="0.002"/>
  <testcase classname="com.example.LionTest" name="getKittensTest[3]" time="0.004"/>
  <testcase classname="com.example.LionTest" name="getFoodTest[4]" time="0.005"/>
  <testcase classname="com.example.LionTest" name="doesHaveManeTest[4]" time="0.001"/>
  <testcase classname="com.example.LionTest" name="getKittensTest[4]" time="0.005"/>
  <testcase classname="com.example.LionTest" name="getFoodTest[5]" time="0.006"/>
  <testcase classname="com.example.LionTest" name="doesHaveManeTest[5]" time="0.001"/>
  <testcase classname="com.example.LionTest" name="getKittensTest[5]" time="0.004"/>
  <testcase classname="com.example.LionTest" name="getFoodTest[6]" time="0.006"/>
  <testcase classname="com.example.LionTest" name="doesHaveManeTest[6]" time="0.001"/>
  <testcase classname="com.example.LionTest" name="getKittensTest[6]" time="0.003"/>
  <testcase classname="com.example.LionTest" name="getFoodTest[7]" time="0.003"/>
  <testcase classname="com.example.LionTest" name="doesHaveManeTest[7]" time="0.001"/>
  <testcase classname="com.example.LionTest" name="getKittensTest[7]" time="0.002"/>
</testsuite>